<?xml version="1.0" encoding="UTF-8"?>
<!-- Generated by org.testng.reporters.JUnitXMLReporter -->
<testsuite ignored="0" hostname="LAPTOP-HBSFHFQ2" failures="1" tests="6" name="SearchProductTest" time="150.253" errors="0" timestamp="2023-07-08T08:16:36 GMT-04:00">
  <testcase classname="com.tutorialsninja.qa.testcases.SearchProductTest" name="verifyValidProductSearch" time="0.938"/>
  <testcase classname="com.tutorialsninja.qa.testcases.SearchProductTest" name="verifyInvalidProductSearch" time="0.643">
    <skipped/>
  </testcase> <!-- verifyInvalidProductSearch -->
  <testcase classname="com.tutorialsninja.qa.testcases.SearchProductTest" name="verifyInvalidProductSearch" time="0.634">
    <skipped/>
  </testcase> <!-- verifyInvalidProductSearch -->
  <testcase classname="com.tutorialsninja.qa.testcases.SearchProductTest" name="verifyInvalidProductSearch" time="0.621">
    <skipped/>
  </testcase> <!-- verifyInvalidProductSearch -->
  <testcase classname="com.tutorialsninja.qa.testcases.SearchProductTest" name="verifyInvalidProductSearch" time="0.664">
    <failure type="java.lang.AssertionError" message="The following asserts failed:
	expected [false] but found [true],
	expected [false] but found [true],
	expected [false] but found [true],
	expected [false] but found [true]">
      <![CDATA[java.lang.AssertionError: The following asserts failed:
expected [false] but found [true],
expected [false] but found [true],
expected [false] but found [true],
expected [false] but found [true]
at com.tutorialsninja.qa.testcases.SearchProductTest.verifyInvalidProductSearch(SearchProductTest.java:39)
at java.base/java.util.ArrayList.forEach(ArrayList.java:1511)
... Removed 29 stack frames]]>
    </failure>
  </testcase> <!-- verifyInvalidProductSearch -->
  <testcase classname="com.tutorialsninja.qa.testcases.SearchProductTest" name="VerifySearchWithNoProduct" time="0.0">
    <skipped/>
  </testcase> <!-- VerifySearchWithNoProduct -->
</testsuite> <!-- SearchProductTest -->
