<?xml version="1.0" encoding="UTF-8"?>
<!-- Generated by org.testng.reporters.JUnitXMLReporter -->
<testsuite ignored="0" hostname="LAPTOP-HBSFHFQ2" failures="1" tests="31" name="Test" time="759.647" errors="0" timestamp="2023-07-08T08:52:20 GMT-04:00">
  <testcase classname="com.tutorialsninja.qa.testcases.LoginTest" name="loginWithValidCredentials" time="1.332"/>
  <testcase classname="com.tutorialsninja.qa.testcases.LoginTest" name="loginWithValidCredentials" time="1.314"/>
  <testcase classname="com.tutorialsninja.qa.testcases.LoginTest" name="loginWithValidCredentials" time="1.103"/>
  <testcase classname="com.tutorialsninja.qa.testcases.LoginTest" name="loginWithValidCredentials" time="1.078"/>
  <testcase classname="com.tutorialsninja.qa.testcases.LoginTest" name="loginWithValidCredentials" time="1.052"/>
  <testcase classname="com.tutorialsninja.qa.testcases.LoginTest" name="loginWithValidCredentials" time="1.063"/>
  <testcase classname="com.tutorialsninja.qa.testcases.LoginTest" name="loginWithValidCredentials" time="1.048"/>
  <testcase classname="com.tutorialsninja.qa.testcases.LoginTest" name="loginWithValidCredentials" time="1.109"/>
  <testcase classname="com.tutorialsninja.qa.testcases.LoginTest" name="loginWithValidCredentials" time="1.091"/>
  <testcase classname="com.tutorialsninja.qa.testcases.LoginTest" name="loginWithValidCredentials" time="1.044"/>
  <testcase classname="com.tutorialsninja.qa.testcases.LoginTest" name="loginWithValidEmailInvalidPassword" time="0.779"/>
  <testcase classname="com.tutorialsninja.qa.testcases.LoginTest" name="loginWithInValidEmailvalidPassword" time="0.826"/>
  <testcase classname="com.tutorialsninja.qa.testcases.LoginTest" name="loginWithInvalidCredentials" time="0.83"/>
  <testcase classname="com.tutorialsninja.qa.testcases.LoginTest" name="loginWithoutCredentials" time="0.56"/>
  <testcase classname="com.tutorialsninja.qa.testcases.RegisterTest" name="registerWithmandaoryFields" time="1.582"/>
  <testcase classname="com.tutorialsninja.qa.testcases.RegisterTest" name="registerWithmandaoryFields" time="1.552"/>
  <testcase classname="com.tutorialsninja.qa.testcases.RegisterTest" name="registerWithmandaoryFields" time="1.563"/>
  <testcase classname="com.tutorialsninja.qa.testcases.RegisterTest" name="registerWithmandaoryFields" time="1.613"/>
  <testcase classname="com.tutorialsninja.qa.testcases.RegisterTest" name="registerWithmandaoryFields" time="1.565"/>
  <testcase classname="com.tutorialsninja.qa.testcases.RegisterTest" name="registerWithmandaoryFields" time="1.547"/>
  <testcase classname="com.tutorialsninja.qa.testcases.RegisterTest" name="registerWithmandaoryFields" time="1.545"/>
  <testcase classname="com.tutorialsninja.qa.testcases.RegisterTest" name="registerWithmandaoryFields" time="1.516"/>
  <testcase classname="com.tutorialsninja.qa.testcases.RegisterTest" name="registerWithAllFields" time="1.727"/>
  <testcase classname="com.tutorialsninja.qa.testcases.RegisterTest" name="registerWithExistingEmailId" time="1.169"/>
  <testcase classname="com.tutorialsninja.qa.testcases.RegisterTest" name="registerWithNoFields" time="0.632"/>
  <testcase classname="com.tutorialsninja.qa.testcases.SearchProductTest" name="verifyValidProductSearch" time="0.815"/>
  <testcase classname="com.tutorialsninja.qa.testcases.SearchProductTest" name="verifyInvalidProductSearch" time="0.654">
    <skipped/>
  </testcase> <!-- verifyInvalidProductSearch -->
  <testcase classname="com.tutorialsninja.qa.testcases.SearchProductTest" name="verifyInvalidProductSearch" time="0.617">
    <skipped/>
  </testcase> <!-- verifyInvalidProductSearch -->
  <testcase classname="com.tutorialsninja.qa.testcases.SearchProductTest" name="verifyInvalidProductSearch" time="0.61">
    <skipped/>
  </testcase> <!-- verifyInvalidProductSearch -->
  <testcase classname="com.tutorialsninja.qa.testcases.SearchProductTest" name="verifyInvalidProductSearch" time="0.634">
    <failure type="java.lang.AssertionError" message="The following asserts failed:
	expected [false] but found [true],
	expected [false] but found [true],
	expected [false] but found [true],
	expected [false] but found [true]">
      <![CDATA[java.lang.AssertionError: The following asserts failed:
expected [false] but found [true],
expected [false] but found [true],
expected [false] but found [true],
expected [false] but found [true]
at com.tutorialsninja.qa.testcases.SearchProductTest.verifyInvalidProductSearch(SearchProductTest.java:39)
at java.base/java.util.ArrayList.forEach(ArrayList.java:1511)
... Removed 33 stack frames]]>
    </failure>
  </testcase> <!-- verifyInvalidProductSearch -->
  <testcase classname="com.tutorialsninja.qa.testcases.SearchProductTest" name="VerifySearchWithNoProduct" time="0.0">
    <skipped/>
  </testcase> <!-- VerifySearchWithNoProduct -->
</testsuite> <!-- Test -->
