<?xml version="1.0" encoding="UTF-8"?>
<!-- Generated by org.testng.reporters.JUnitReportReporter -->
<testsuite hostname="LAPTOP-HBSFHFQ2" failures="1" tests="6" name="com.tutorialsninja.qa.testcases.SearchProductTest" time="149.392" errors="0" timestamp="2023-07-08T08:16:43 GMT-04:00" skipped="4">
  <testcase classname="com.tutorialsninja.qa.testcases.SearchProductTest" name="verifyValidProductSearch" time="21.814"/>
  <system-out/>
  <testcase classname="com.tutorialsninja.qa.testcases.SearchProductTest" name="verifyInvalidProductSearch" time="32.685">
    <failure message="The following asserts failed:
	expected [false] but found [true],
	expected [false] but found [true],
	expected [false] but found [true],
	expected [false] but found [true]" type="java.lang.AssertionError">
      <![CDATA[java.lang.AssertionError: The following asserts failed:
expected [false] but found [true],
expected [false] but found [true],
expected [false] but found [true],
expected [false] but found [true]
at org.testng.asserts.SoftAssert.assertAll(SoftAssert.java:47)
at org.testng.asserts.SoftAssert.assertAll(SoftAssert.java:31)
at com.tutorialsninja.qa.testcases.SearchProductTest.verifyInvalidProductSearch(SearchProductTest.java:39)
at java.base/jdk.internal.reflect.NativeMethodAccessorImpl.invoke0(Native Method)
at java.base/jdk.internal.reflect.NativeMethodAccessorImpl.invoke(NativeMethodAccessorImpl.java:77)
at java.base/jdk.internal.reflect.DelegatingMethodAccessorImpl.invoke(DelegatingMethodAccessorImpl.java:43)
at java.base/java.lang.reflect.Method.invoke(Method.java:568)
at org.testng.internal.MethodInvocationHelper.invokeMethod(MethodInvocationHelper.java:133)
at org.testng.internal.TestInvoker.invokeMethod(TestInvoker.java:598)
at org.testng.internal.TestInvoker.retryFailed(TestInvoker.java:213)
at org.testng.internal.MethodRunner.runInSequence(MethodRunner.java:58)
at org.testng.internal.TestInvoker$MethodInvocationAgent.invoke(TestInvoker.java:824)
at org.testng.internal.TestInvoker.invokeTestMethods(TestInvoker.java:146)
at org.testng.internal.TestMethodWorker.invokeTestMethods(TestMethodWorker.java:146)
at org.testng.internal.TestMethodWorker.run(TestMethodWorker.java:128)
at java.base/java.util.ArrayList.forEach(ArrayList.java:1511)
at org.testng.TestRunner.privateRun(TestRunner.java:794)
at org.testng.TestRunner.run(TestRunner.java:596)
at org.testng.SuiteRunner.runTest(SuiteRunner.java:377)
at org.testng.SuiteRunner.runSequentially(SuiteRunner.java:371)
at org.testng.SuiteRunner.privateRun(SuiteRunner.java:332)
at org.testng.SuiteRunner.run(SuiteRunner.java:276)
at org.testng.SuiteRunnerWorker.runSuite(SuiteRunnerWorker.java:53)
at org.testng.SuiteRunnerWorker.run(SuiteRunnerWorker.java:96)
at org.testng.TestNG.runSuitesSequentially(TestNG.java:1212)
at org.testng.TestNG.runSuitesLocally(TestNG.java:1134)
at org.testng.TestNG.runSuites(TestNG.java:1063)
at org.testng.TestNG.run(TestNG.java:1031)
at org.testng.remote.AbstractRemoteTestNG.run(AbstractRemoteTestNG.java:115)
at org.testng.remote.RemoteTestNG.initAndRun(RemoteTestNG.java:251)
at org.testng.remote.RemoteTestNG.main(RemoteTestNG.java:77)
]]>
    </failure>
  </testcase> <!-- verifyInvalidProductSearch -->
  <system-out/>
  <testcase classname="com.tutorialsninja.qa.testcases.SearchProductTest" name="verifyInvalidProductSearch" time="33.314">
    <skipped/>
  </testcase> <!-- verifyInvalidProductSearch -->
  <system-out/>
  <testcase classname="com.tutorialsninja.qa.testcases.SearchProductTest" name="verifyInvalidProductSearch" time="34.339">
    <skipped/>
  </testcase> <!-- verifyInvalidProductSearch -->
  <system-out/>
  <testcase classname="com.tutorialsninja.qa.testcases.SearchProductTest" name="verifyInvalidProductSearch" time="27.240">
    <skipped/>
  </testcase> <!-- verifyInvalidProductSearch -->
  <system-out/>
  <testcase classname="com.tutorialsninja.qa.testcases.SearchProductTest" name="VerifySearchWithNoProduct" time="0.000">
    <skipped/>
  </testcase> <!-- VerifySearchWithNoProduct -->
  <system-out/>
</testsuite> <!-- com.tutorialsninja.qa.testcases.SearchProductTest -->
